  MainMenu.cpp
D:\Projects\BattleTank\BattleTankPhase1\MainMenu.cpp(69,52): warning C4244: 'argument': conversion from 'T' to 'unsigned int', possible loss of data
D:\Projects\BattleTank\BattleTankPhase1\MainMenu.cpp(69,52): warning C4244:         with
D:\Projects\BattleTank\BattleTankPhase1\MainMenu.cpp(69,52): warning C4244:         [
D:\Projects\BattleTank\BattleTankPhase1\MainMenu.cpp(69,52): warning C4244:             T=float
D:\Projects\BattleTank\BattleTankPhase1\MainMenu.cpp(69,52): warning C4244:         ]
D:\Projects\BattleTank\BattleTankPhase1\MainMenu.cpp(72,58): warning C4244: 'argument': conversion from 'T' to 'unsigned int', possible loss of data
D:\Projects\BattleTank\BattleTankPhase1\MainMenu.cpp(72,58): warning C4244:         with
D:\Projects\BattleTank\BattleTankPhase1\MainMenu.cpp(72,58): warning C4244:         [
D:\Projects\BattleTank\BattleTankPhase1\MainMenu.cpp(72,58): warning C4244:             T=float
D:\Projects\BattleTank\BattleTankPhase1\MainMenu.cpp(72,58): warning C4244:         ]
D:\Projects\BattleTank\BattleTankPhase1\MainMenu.cpp(75,58): warning C4244: 'argument': conversion from 'T' to 'unsigned int', possible loss of data
D:\Projects\BattleTank\BattleTankPhase1\MainMenu.cpp(75,58): warning C4244:         with
D:\Projects\BattleTank\BattleTankPhase1\MainMenu.cpp(75,58): warning C4244:         [
D:\Projects\BattleTank\BattleTankPhase1\MainMenu.cpp(75,58): warning C4244:             T=float
D:\Projects\BattleTank\BattleTankPhase1\MainMenu.cpp(75,58): warning C4244:         ]
D:\Projects\BattleTank\BattleTankPhase1\MainMenu.cpp(78,62): warning C4244: 'argument': conversion from 'T' to 'unsigned int', possible loss of data
D:\Projects\BattleTank\BattleTankPhase1\MainMenu.cpp(78,62): warning C4244:         with
D:\Projects\BattleTank\BattleTankPhase1\MainMenu.cpp(78,62): warning C4244:         [
D:\Projects\BattleTank\BattleTankPhase1\MainMenu.cpp(78,62): warning C4244:             T=float
D:\Projects\BattleTank\BattleTankPhase1\MainMenu.cpp(78,62): warning C4244:         ]
D:\Projects\BattleTank\BattleTankPhase1\MainMenu.cpp(81,51): warning C4244: 'argument': conversion from 'T' to 'unsigned int', possible loss of data
D:\Projects\BattleTank\BattleTankPhase1\MainMenu.cpp(81,51): warning C4244:         with
D:\Projects\BattleTank\BattleTankPhase1\MainMenu.cpp(81,51): warning C4244:         [
D:\Projects\BattleTank\BattleTankPhase1\MainMenu.cpp(81,51): warning C4244:             T=float
D:\Projects\BattleTank\BattleTankPhase1\MainMenu.cpp(81,51): warning C4244:         ]
  BattleTankPhase1.vcxproj -> D:\Projects\BattleTank\x64\Debug\BattleTankPhase1.exe
